<?xml version="1.0" encoding="UTF-8"?>
<!-- Generated by org.testng.reporters.JUnitReportReporter -->
<testsuite skipped="0" hostname="Fatemas-MacBook-Pro.local" name="crossBrowser.VerifyTitle" tests="2" failures="0" timestamp="27 Dec 2017 03:06:48 GMT" time="15.130" errors="0">
  <testcase name="verifyPageTitle" time="6.442" classname="crossBrowser.VerifyTitle"/>
  <testcase name="verifyPageTitle" time="8.688" classname="crossBrowser.VerifyTitle"/>
</testsuite> <!-- crossBrowser.VerifyTitle -->
